#
# There is insufficient memory for the Java Runtime Environment to continue.
# Native memory allocation (mmap) failed to map 264241152 bytes for G1 virtual space
# Possible reasons:
#   The system is out of physical RAM or swap space
#   The process is running with CompressedOops enabled, and the Java Heap may be blocking the growth of the native heap
# Possible solutions:
#   Reduce memory load on the system
#   Increase physical memory or swap space
#   Check if swap backing store is full
#   Decrease Java heap size (-Xmx/-Xms)
#   Decrease number of Java threads
#   Decrease Java thread stack sizes (-Xss)
#   Set larger code cache with -XX:ReservedCodeCacheSize=
#   JVM is running with Zero Based Compressed Oops mode in which the Java heap is
#     placed in the first 32GB address space. The Java Heap base address is the
#     maximum limit for the native heap growth. Please use -XX:HeapBaseMinAddress
#     to set the Java Heap base and to place the Java Heap above 32GB virtual address.
# This output file may be truncated or incomplete.
#
#  Out of Memory Error (os_windows.cpp:3528), pid=34440, tid=35616
#
# JRE version:  (20.0.2+9) (build )
# Java VM: Java HotSpot(TM) 64-Bit Server VM (20.0.2+9-78, mixed mode, sharing, tiered, compressed oops, compressed class ptrs, g1 gc, windows-amd64)
# No core dump will be written. Minidumps are not enabled by default on client versions of Windows
#

---------------  S U M M A R Y ------------

Command Line: -Dfile.encoding=UTF-8 --module-path=C:\Users\James\OneDrive - Nanyang Technological University\GitHub\Camp-Application-and-Management-System\camp_application_and_management_system\bin -XX:+ShowCodeDetailsInExceptionMessages -Djdk.module.main=camp_management_and_application_system camp_management_and_application_system/main.CAMS

Host: 12th Gen Intel(R) Core(TM) i7-12700H, 20 cores, 15G,  Windows 11 , 64 bit Build 22621 (10.0.22621.2428)
Time: Tue Oct 24 05:40:43 2023 Malay Peninsula Standard Time elapsed time: 0.008740 seconds (0d 0h 0m 0s)

---------------  T H R E A D  ---------------

Current thread (0x0000018f3094e4d0):  JavaThread "Unknown thread" [_thread_in_vm, id=35616, stack(0x00000075c1f00000,0x00000075c2000000)]

Stack: [0x00000075c1f00000,0x00000075c2000000]
Native frames: (J=compiled Java code, j=interpreted, Vv=VM code, C=native code)
V  [jvm.dll+0x6bc25a]
V  [jvm.dll+0x84971a]
V  [jvm.dll+0x84b315]
V  [jvm.dll+0x84ba13]
V  [jvm.dll+0x280e4f]
V  [jvm.dll+0x6b8fe9]
V  [jvm.dll+0x6adbca]
V  [jvm.dll+0x35b165]
V  [jvm.dll+0x363386]
V  [jvm.dll+0x3b400e]
V  [jvm.dll+0x3b4295]
V  [jvm.dll+0x32b86a]
V  [jvm.dll+0x32c68b]
V  [jvm.dll+0x8123df]
V  [jvm.dll+0x3c1261]
V  [jvm.dll+0x7fe103]
V  [jvm.dll+0x44ccaf]
V  [jvm.dll+0x44e621]
C  [jli.dll+0x5287]
C  [ucrtbase.dll+0x29363]
C  [KERNEL32.DLL+0x1257d]
C  [ntdll.dll+0x5aa78]


---------------  P R O C E S S  ---------------

Threads class SMR info:
_java_thread_list=0x00007ff81f44b118, length=0, elements={
}

Java Threads: ( => current thread )

Other Threads:
  0x0000018f309c46c0 WorkerThread "GC Thread#0" [stack: 0x00000075c2100000,0x00000075c2200000] [id=48212]
  0x0000018f309d51d0 ConcurrentGCThread "G1 Main Marker" [stack: 0x00000075c2200000,0x00000075c2300000] [id=44580]
  0x0000018f309d5da0 WorkerThread "G1 Conc#0" [stack: 0x00000075c2300000,0x00000075c2400000] [id=57856]

[error occurred during error reporting (printing all threads), id 0xc0000005, EXCEPTION_ACCESS_VIOLATION (0xc0000005) at pc=0x00007ff81ec2eea7]
VM state: not at safepoint (not fully initialized)

VM Mutex/Monitor currently owned by a thread:  ([mutex/lock_event])
[0x0000018f3094a730] Heap_lock - owner thread: 0x0000018f3094e4d0

Heap address: 0x0000000704e00000, size: 4018 MB, Compressed Oops mode: Zero based, Oop shift amount: 3

CDS archive(s) mapped at: [0x0000000000000000-0x0000000000000000-0x0000000000000000), size 0, SharedBaseAddress: 0x0000000800000000, ArchiveRelocationMode: 1.
Narrow klass base: 0x0000000000000000, Narrow klass shift: 0, Narrow klass range: 0x0

GC Precious Log:
 CardTable entry size: 512
 Card Set container configuration: InlinePtr #cards 4 size 8 Array Of Cards #cards 16 size 48 Howl #buckets 8 coarsen threshold 3686 Howl Bitmap #cards 512 size 80 coarsen threshold 460 Card regions per heap region 1 cards per card region 4096

Heap:
 garbage-first heap   total 0K, used 0K [0x0000000704e00000, 0x0000000800000000)
  region size 2048K, 0 young (0K), 0 survivors (0K)

[error occurred during error reporting (printing heap information), id 0xc0000005, EXCEPTION_ACCESS_VIOLATION (0xc0000005) at pc=0x00007ff81f0047b9]
GC Heap History (0 events):
No events

Dll operation events (1 events):
Event: 0.004 Loaded shared library C:\Program Files\Java\jdk-20\bin\java.dll

Deoptimization events (0 events):
No events

Classes loaded (0 events):
No events

Classes unloaded (0 events):
No events

Classes redefined (0 events):
No events

Internal exceptions (0 events):
No events

VM Operations (0 events):
No events

Events (0 events):
No events


Dynamic libraries:
0x00007ff671930000 - 0x00007ff671940000 	C:\Program Files\Java\jdk-20\bin\javaw.exe
0x00007ff8e0df0000 - 0x00007ff8e1007000 	C:\WINDOWS\SYSTEM32\ntdll.dll
0x00007ff8e0030000 - 0x00007ff8e00f4000 	C:\WINDOWS\System32\KERNEL32.DLL
0x00007ff8de4f0000 - 0x00007ff8de896000 	C:\WINDOWS\System32\KERNELBASE.dll
0x00007ff8de260000 - 0x00007ff8de371000 	C:\WINDOWS\System32\ucrtbase.dll
0x00007ff8d8380000 - 0x00007ff8d8399000 	C:\Program Files\Java\jdk-20\bin\jli.dll
0x00007ff8e06c0000 - 0x00007ff8e0770000 	C:\WINDOWS\System32\ADVAPI32.dll
0x00007ff8df720000 - 0x00007ff8df7c7000 	C:\WINDOWS\System32\msvcrt.dll
0x00007ff8df5b0000 - 0x00007ff8df656000 	C:\WINDOWS\System32\sechost.dll
0x00007ff8dff10000 - 0x00007ff8e0027000 	C:\WINDOWS\System32\RPCRT4.dll
0x00007ff8dfd10000 - 0x00007ff8dfebd000 	C:\WINDOWS\System32\USER32.dll
0x00007ff8de230000 - 0x00007ff8de256000 	C:\WINDOWS\System32\win32u.dll
0x00007ff8dfec0000 - 0x00007ff8dfee9000 	C:\WINDOWS\System32\GDI32.dll
0x00007ff8de8a0000 - 0x00007ff8de9b8000 	C:\WINDOWS\System32\gdi32full.dll
0x00007ff8de9c0000 - 0x00007ff8dea5a000 	C:\WINDOWS\System32\msvcp_win.dll
0x00007ff8d8360000 - 0x00007ff8d837b000 	C:\Program Files\Java\jdk-20\bin\VCRUNTIME140.dll
0x00007ff8c5710000 - 0x00007ff8c59a3000 	C:\WINDOWS\WinSxS\amd64_microsoft.windows.common-controls_6595b64144ccf1df_6.0.22621.2361_none_2712ced57382f843\COMCTL32.dll
0x00007ff8d3620000 - 0x00007ff8d362a000 	C:\WINDOWS\SYSTEM32\VERSION.dll
0x00007ff8df570000 - 0x00007ff8df5a1000 	C:\WINDOWS\System32\IMM32.DLL
0x00007ff8afac0000 - 0x00007ff8afc23000 	C:\Program Files (x86)\Citrix\ICA Client\epclient64.dll
0x00007ff8e0870000 - 0x00007ff8e0bfa000 	C:\WINDOWS\System32\combase.dll
0x00007ff8ddb10000 - 0x00007ff8ddb38000 	C:\WINDOWS\SYSTEM32\bcrypt.dll
0x00007ff8dd2c0000 - 0x00007ff8dd2f4000 	C:\WINDOWS\SYSTEM32\ntmarta.dll
0x00007ff8dead0000 - 0x00007ff8deb4a000 	C:\WINDOWS\System32\bcryptprimitives.dll
0x00007ff8dd240000 - 0x00007ff8dd258000 	C:\WINDOWS\SYSTEM32\kernel.appcore.dll
0x00007ff8d8350000 - 0x00007ff8d835c000 	C:\Program Files\Java\jdk-20\bin\vcruntime140_1.dll
0x00007ff8ca8e0000 - 0x00007ff8ca96e000 	C:\Program Files\Java\jdk-20\bin\msvcp140.dll
0x00007ff81e8f0000 - 0x00007ff81f588000 	C:\Program Files\Java\jdk-20\bin\server\jvm.dll
0x00007ff8bf770000 - 0x00007ff8bf779000 	C:\WINDOWS\SYSTEM32\WSOCK32.dll
0x0000018f2ff80000 - 0x0000018f2fff1000 	C:\WINDOWS\System32\WS2_32.dll
0x00007ff8d1510000 - 0x00007ff8d1544000 	C:\WINDOWS\SYSTEM32\WINMM.dll
0x00007ff8d8340000 - 0x00007ff8d834a000 	C:\Program Files\Java\jdk-20\bin\jimage.dll
0x00007ff8db9a0000 - 0x00007ff8dbbce000 	C:\WINDOWS\SYSTEM32\DBGHELP.DLL
0x0000018f30000000 - 0x0000018f300d7000 	C:\WINDOWS\System32\OLEAUT32.dll
0x00007ff8d1f90000 - 0x00007ff8d1fc2000 	C:\WINDOWS\SYSTEM32\dbgcore.DLL
0x00007ff8d8310000 - 0x00007ff8d8336000 	C:\Program Files\Java\jdk-20\bin\java.dll

dbghelp: loaded successfully - version: 4.0.5 - missing functions: none
symbol engine: initialized successfully - sym options: 0x614 - pdb path: .;C:\Program Files\Java\jdk-20\bin;C:\WINDOWS\SYSTEM32;C:\WINDOWS\WinSxS\amd64_microsoft.windows.common-controls_6595b64144ccf1df_6.0.22621.2361_none_2712ced57382f843;C:\Program Files (x86)\Citrix\ICA Client;C:\Program Files\Java\jdk-20\bin\server

VM Arguments:
jvm_args: -Dfile.encoding=UTF-8 --module-path=C:\Users\James\OneDrive - Nanyang Technological University\GitHub\Camp-Application-and-Management-System\camp_application_and_management_system\bin -XX:+ShowCodeDetailsInExceptionMessages -Djdk.module.main=camp_management_and_application_system 
java_command: camp_management_and_application_system/main.CAMS
java_class_path (initial): <not set>
Launcher Type: SUN_STANDARD

[Global flags]
     intx CICompilerCount                          = 12                                        {product} {ergonomic}
     uint ConcGCThreads                            = 4                                         {product} {ergonomic}
     uint G1ConcRefinementThreads                  = 15                                        {product} {ergonomic}
   size_t G1HeapRegionSize                         = 2097152                                   {product} {ergonomic}
    uintx GCDrainStackTargetSize                   = 64                                        {product} {ergonomic}
   size_t InitialHeapSize                          = 264241152                                 {product} {ergonomic}
   size_t MarkStackSize                            = 4194304                                   {product} {ergonomic}
   size_t MaxHeapSize                              = 4213178368                                {product} {ergonomic}
   size_t MinHeapDeltaBytes                        = 2097152                                   {product} {ergonomic}
   size_t MinHeapSize                              = 8388608                                   {product} {ergonomic}
    uintx NonNMethodCodeHeapSize                   = 7602480                                {pd product} {ergonomic}
    uintx NonProfiledCodeHeapSize                  = 122027880                              {pd product} {ergonomic}
    uintx ProfiledCodeHeapSize                     = 122027880                              {pd product} {ergonomic}
    uintx ReservedCodeCacheSize                    = 251658240                              {pd product} {ergonomic}
     bool SegmentedCodeCache                       = true                                      {product} {ergonomic}
     bool ShowCodeDetailsInExceptionMessages       = true                                   {manageable} {command line}
   size_t SoftMaxHeapSize                          = 4213178368                             {manageable} {ergonomic}
     bool UseCompressedClassPointers               = true                           {product lp64_product} {ergonomic}
     bool UseCompressedOops                        = true                           {product lp64_product} {ergonomic}
     bool UseG1GC                                  = true                                      {product} {ergonomic}
     bool UseLargePagesIndividualAllocation        = false                                  {pd product} {ergonomic}

Logging:
Log output configuration:
 #0: stdout all=warning uptime,level,tags foldmultilines=false
 #1: stderr all=off uptime,level,tags foldmultilines=false

Environment Variables:
PATH=C:\Program Files\Common Files\Oracle\Java\javapath;C:\Python311\Scripts\;C:\Python311\;C:\Windows\system32;C:\Windows;C:\Windows\System32\Wbem;C:\Windows\System32\WindowsPowerShell\v1.0\;C:\Windows\System32\OpenSSH\;C:\Program Files (x86)\NVIDIA Corporation\PhysX\Common;C:\Program Files\NVIDIA Corporation\NVIDIA NvDLISR;C:\Program Files\dotnet\;C:\Program Files\Git\cmd;C:\WINDOWS\system32;C:\WINDOWS;C:\WINDOWS\System32\Wbem;C:\WINDOWS\System32\WindowsPowerShell\v1.0\;C:\WINDOWS\System32\OpenSSH\;C:\MinGW\bin;C:\Program Files\nodejs\;C:\ProgramData\chocolatey\bin;C:\Users\James\AppData\Roaming\Python\Python311\Scripts;C:\Python311\Lib\site-packages\youtube_dl;C:\Program Files\Cloudflare\Cloudflare WARP\;C:\Program Files\PuTTY\;C:\Program Files\MySQL\MySQL Shell 8.0\bin;;C:\Program Files\Docker\Docker\resources\bin;C:\Program Files\MySQL\MySQL Shell 8.0\bin\;C:\Users\James\AppData\Local\Programs\Python\Python310\Scripts\;C:\Users\James\AppData\Local\Programs\Python\Python310\;C:\Users\James\AppData\Local\Microsoft\WindowsApps;C:\Users\James\AppData\Local\Programs\Microsoft VS Code\bin;C:\Users\James\AppData\Local\GitHubDesktop\bin;C:\Users\James\AppData\Roaming\npm;
USERNAME=James
OS=Windows_NT
PROCESSOR_IDENTIFIER=Intel64 Family 6 Model 154 Stepping 3, GenuineIntel
TMP=C:\Users\James\AppData\Local\Temp
TEMP=C:\Users\James\AppData\Local\Temp




---------------  S Y S T E M  ---------------

OS:
 Windows 11 , 64 bit Build 22621 (10.0.22621.2428)
OS uptime: 3 days 7:21 hours
Hyper-V role detected

CPU: total 20 (initial active 20) (10 cores per cpu, 2 threads per core) family 6 model 154 stepping 3 microcode 0x429, cx8, cmov, fxsr, ht, mmx, 3dnowpref, sse, sse2, sse3, ssse3, sse4.1, sse4.2, popcnt, lzcnt, tsc, tscinvbit, avx, avx2, aes, erms, clmul, bmi1, bmi2, adx, sha, fma, vzeroupper, clflush, clflushopt, clwb, hv, serialize, rdtscp, rdpid, fsrm, f16c, cet_ibt, cet_ss

Memory: 4k page, system-wide physical 16068M (371M free)
TotalPageFile size 65220M (AvailPageFile size 41M)
current process WorkingSet (physical memory assigned to process): 13M, peak: 13M
current process commit charge ("private bytes"): 76M, peak: 328M

vm_info: Java HotSpot(TM) 64-Bit Server VM (20.0.2+9-78) for windows-amd64 JRE (20.0.2+9-78), built on 2023-06-14T10:08:48Z by "mach5one" with MS VC++ 17.1 (VS2022)

END.
